<?xml version="1.0" encoding="UTF-8"?><testsuite errors="1" failures="0" name="Linio" skipped="0" tests="1" time="0.61" timestamp="2022-05-19 01:44:04"><testcase name="consultar un producto"><error message="Arity mismatch: Step Definition 'co.com.tcs.stepdefinitions.LinioStepDefinitions.elUsuarioSeEncuentraEnLaAplicacionHttpsWwwLinioComCo() in file:/C:/Users/user/Documents/ideaProjects/TallerAutomatizacionFinal/build/classes/java/test/' with pattern [^El usuario se encuentra en la aplicacion (.*)$] is declared with 0 parameters. However, the gherkin step has 1 arguments [https://www.linio.com.co]. &#10;Step text: El usuario se encuentra en la aplicacion https://www.linio.com.co" type="cucumber.runtime.CucumberException">Arity mismatch: Step Definition 'co.com.tcs.stepdefinitions.LinioStepDefinitions.elUsuarioSeEncuentraEnLaAplicacionHttpsWwwLinioComCo() in file:/C:/Users/user/Documents/ideaProjects/TallerAutomatizacionFinal/build/classes/java/test/' with pattern [^El usuario se encuentra en la aplicacion (.*)$] is declared with 0 parameters. However, the gherkin step has 1 arguments [https://www.linio.com.co]. 
Step text: El usuario se encuentra en la aplicacion https://www.linio.com.co</error><system-err>Arity mismatch: Step Definition 'co.com.tcs.stepdefinitions.LinioStepDefinitions.elUsuarioSeEncuentraEnLaAplicacionHttpsWwwLinioComCo() in file:/C:/Users/user/Documents/ideaProjects/TallerAutomatizacionFinal/build/classes/java/test/' with pattern [^El usuario se encuentra en la aplicacion (.*)$] is declared with 0 parameters. However, the gherkin step has 1 arguments [https://www.linio.com.co]. 
Step text: El usuario se encuentra en la aplicacion https://www.linio.com.co&#13;
cucumber.runner.Runner.runPickle(Runner.java:80)&#13;
</system-err></testcase></testsuite>